<?xml version="1.0" encoding="UTF-8"?>
<!-- Generated by org.testng.reporters.JUnitReportReporter -->
<testsuite skipped="0" hostname="JIJO" name="co.parabank.PageTest.LandingPageTest" tests="6" failures="0" timestamp="2021-12-19T18:58:54 EST" time="41.031" errors="0">
  <testcase name="verfiyLogin" time="8.534" classname="co.parabank.PageTest.LandingPageTest"/>
  <system-out/>
  <testcase name="loginVerify" time="6.515" classname="co.parabank.PageTest.LandingPageTest"/>
  <system-out/>
  <testcase name="loginVerify" time="7.801" classname="co.parabank.PageTest.LandingPageTest"/>
  <system-out/>
  <testcase name="loginVerify" time="5.616" classname="co.parabank.PageTest.LandingPageTest"/>
  <system-out/>
  <testcase name="loginVerify" time="6.375" classname="co.parabank.PageTest.LandingPageTest"/>
  <system-out/>
  <testcase name="loginVerify" time="6.190" classname="co.parabank.PageTest.LandingPageTest"/>
  <system-out/>
</testsuite> <!-- co.parabank.PageTest.LandingPageTest -->
